2025-08-10 02:33:53.000 | INFO     | orchestrator.api:startup_event:39 - API starting…
2025-08-10 02:33:53.000 | INFO     | orchestrator.api:startup_event:39 - Database ready at artifacts/orchestrator.db
2025-08-10 02:34:55.719 | INFO     | orchestrator.api:startup_event:39 - API starting…
2025-08-10 02:34:55.719 | INFO     | orchestrator.api:startup_event:39 - Database ready at artifacts/orchestrator.db
2025-08-10 02:35:17.113 | INFO     | orchestrator.api:enqueue_job:52 - Enqueued job 1 type=warmup device=ZY22BWZPB2
2025-08-10 02:37:00.402 | INFO     | orchestrator.api:cancel_job:123 - Job 1 cancelled
2025-08-10 02:47:08.142 | INFO     | orchestrator.api:startup_event:39 - API starting…
2025-08-10 02:47:08.143 | INFO     | orchestrator.api:startup_event:39 - Database ready at artifacts/orchestrator.db
2025-08-10 02:57:10.078 | INFO     | orchestrator.api:startup_event:39 - API starting…
2025-08-10 02:57:10.079 | INFO     | orchestrator.api:startup_event:39 - Database ready at artifacts/orchestrator.db
2025-08-10 03:03:31.780 | INFO     | orchestrator.api:startup_event:39 - API starting…
2025-08-10 03:03:31.781 | INFO     | orchestrator.api:startup_event:39 - Database ready at artifacts/orchestrator.db
2025-08-10 03:04:43.212 | INFO     | orchestrator.api:startup_event:39 - API starting…
2025-08-10 03:04:43.213 | INFO     | orchestrator.api:startup_event:39 - Database ready at artifacts/orchestrator.db
2025-08-10 03:08:12.099 | INFO     | orchestrator.api:startup_event:39 - API starting…
2025-08-10 03:08:12.100 | INFO     | orchestrator.api:startup_event:39 - Database ready at artifacts/orchestrator.db
2025-08-10 03:08:50.963 | INFO     | orchestrator.api:enqueue_job:52 - Enqueued job 2 type=pipeline device=
2025-08-10 03:08:57.553 | INFO     | orchestrator.api:enqueue_job:52 - Enqueued job 3 type=warmup device=ZY22BWZPB2
2025-08-10 03:14:56.934 | INFO     | orchestrator.api:startup_event:39 - API starting…
2025-08-10 03:14:56.934 | INFO     | orchestrator.api:startup_event:39 - Database ready at artifacts/orchestrator.db
2025-08-10 03:15:45.932 | INFO     | orchestrator.api:enqueue_job:52 - Enqueued job 4 type=pipeline device=
